<?xml version="1.0" encoding="UTF-8"?>
<!-- Generated by org.testng.reporters.JUnitReportReporter -->
<testsuite hostname="DESKTOP-GBMU59R" failures="0" tests="1" name="testCases.LoginPageTest" time="5.960" errors="0" timestamp="2024-03-07T12:51:42 IST" skipped="0">
  <testcase classname="testCases.LoginPageTest" name="verifyLoginWithInvalidData" time="5.960"/>
</testsuite> <!-- testCases.LoginPageTest -->
